[23:24:22] [main/INFO] (FabricLoader/GameProvider) Loading Minecraft 1.21.4 with Fabric Loader 0.18.4
[23:24:22] [main/WARN] (FabricLoader/Knot) Ignoring invalid library path c:\Users\user\.vscode\extensions\vscjava.vscode-java-debug-0.58.5\bundled\scripts\noConfigScriptsc:\Users\user\.vscode\extensions\ms-python.debugpy-2025.18.0-win32-x64\bundled\scripts\noConfigScripts
[23:24:23] [main/INFO] (FabricLoader) Loading 60 mods:
	- cloth-basic-math 0.6.1
	- cloth-config 17.0.144
	- devauth 1.2.2
	   |-- com_electronwill_night-config_core 3.6.5
	   |-- com_electronwill_night-config_toml 3.6.5
	   \-- me_djtheredstoner_common 1.2.2
	- fabric-api 0.119.4+1.21.4
	   |-- fabric-api-lookup-api-v1 1.6.86+b1caf1e904
	   |-- fabric-biome-api-v1 15.0.6+b1c29d8e04
	   |-- fabric-block-api-v1 1.0.31+7feeb73304
	   |-- fabric-block-view-api-v2 1.0.20+9c49cc8c04
	   |-- fabric-blockrenderlayer-v1 2.0.8+7feeb73304
	   |-- fabric-client-tags-api-v1 1.1.29+20ea1e2304
	   |-- fabric-command-api-v1 1.2.62+f71b366f04
	   |-- fabric-commands-v0 0.2.79+df3654b304
	   |-- fabric-content-registries-v0 9.1.19+25d1a67604
	   |-- fabric-convention-tags-v1 2.1.20+7f945d5b04
	   |-- fabric-convention-tags-v2 2.14.1+aebda09404
	   |-- fabric-crash-report-info-v1 0.3.6+7feeb73304
	   |-- fabric-data-attachment-api-v1 1.6.2+e99da0f704
	   |-- fabric-data-generation-api-v1 22.3.1+0f4e5f5504
	   |-- fabric-dimensions-v1 4.0.10+7feeb73304
	   |-- fabric-entity-events-v1 2.0.15+62245bef04
	   |-- fabric-events-interaction-v0 4.0.4+a4eebcf004
	   |-- fabric-game-rule-api-v1 1.0.63+7d48d43904
	   |-- fabric-item-api-v1 11.4.0+189dd6fe04
	   |-- fabric-item-group-api-v1 4.2.2+fcb9601404
	   |-- fabric-keybindings-v0 0.2.55+df3654b304
	   |-- fabric-loot-api-v2 3.0.38+3f89f5a504
	   |-- fabric-loot-api-v3 1.0.26+203e6b2304
	   |-- fabric-message-api-v1 6.0.26+238a33c004
	   |-- fabric-model-loading-api-v1 4.3.0+ae23723504
	   |-- fabric-networking-api-v1 4.4.0+db5e668204
	   |-- fabric-object-builder-api-v1 18.0.14+38b0d59804
	   |-- fabric-particles-v1 4.0.14+7feeb73304
	   |-- fabric-recipe-api-v1 8.1.1+640e77ae04
	   |-- fabric-registry-sync-v0 6.1.11+4a9c1ece04
	   |-- fabric-renderer-api-v1 5.0.3+50f0feb204
	   |-- fabric-renderer-indigo 2.0.3+50f0feb204
	   |-- fabric-rendering-data-attachment-v1 0.3.58+73761d2e04
	   |-- fabric-rendering-fluids-v1 3.1.19+7feeb73304
	   |-- fabric-resource-conditions-api-v1 5.0.13+203e6b2304
	   |-- fabric-resource-loader-v0 3.1.1+360374ac04
	   |-- fabric-screen-api-v1 2.0.38+7feeb73304
	   |-- fabric-screen-handler-api-v1 1.3.118+7feeb73304
	   |-- fabric-sound-api-v1 1.0.32+7feeb73304
	   |-- fabric-tag-api-v1 1.0.7+7d48d43904
	   |-- fabric-transfer-api-v1 5.4.9+efa825c904
	   \-- fabric-transitive-access-wideners-v1 6.3.2+56e78b9b04
	- fabric-api-base 0.4.54+b47eab6b04
	- fabric-command-api-v2 2.2.41+e496eb1504
	- fabric-key-binding-api-v1 1.0.57+7d48d43904
	- fabric-lifecycle-events-v1 2.5.4+bf2a60eb04
	- fabric-rendering-v1 10.2.1+0d31b09f04
	- fabricloader 0.18.4
	- java 21
	- minecraft 1.21.4
	- mixinextras 0.5.0
	- modmenu 13.0.3
	- tradex 1.0.0
[23:24:24] [main/ERROR] (FabricLoader) Failed to remap mods!
net.fabricmc.loader.impl.FormattedException: java.nio.file.ClosedFileSystemException
	at net.fabricmc.loader.impl.discovery.RuntimeModRemapper.remap(RuntimeModRemapper.java:221) ~[fabric-loader-0.18.4.jar:?]
	at net.fabricmc.loader.impl.FabricLoaderImpl.setup(FabricLoaderImpl.java:250) ~[fabric-loader-0.18.4.jar:?]
	at net.fabricmc.loader.impl.FabricLoaderImpl.load(FabricLoaderImpl.java:199) ~[fabric-loader-0.18.4.jar:?]
	at net.fabricmc.loader.impl.launch.knot.Knot.init(Knot.java:142) ~[fabric-loader-0.18.4.jar:?]
	at net.fabricmc.loader.impl.launch.knot.Knot.launch(Knot.java:66) [fabric-loader-0.18.4.jar:?]
	at net.fabricmc.loader.impl.launch.knot.KnotClient.main(KnotClient.java:23) [fabric-loader-0.18.4.jar:?]
	at net.fabricmc.devlaunchinjector.Main.main(Main.java:86) [dev-launch-injector-0.2.1+build.8.jar:?]
Caused by: java.nio.file.ClosedFileSystemException
	at jdk.zipfs@21.0.9/jdk.nio.zipfs.ZipFileSystem.ensureOpen(ZipFileSystem.java:1635) ~[jdk.zipfs:?]
	at jdk.zipfs@21.0.9/jdk.nio.zipfs.ZipFileSystem.getFileAttributes(ZipFileSystem.java:536) ~[jdk.zipfs:?]
	at jdk.zipfs@21.0.9/jdk.nio.zipfs.ZipPath.readAttributes(ZipPath.java:769) ~[jdk.zipfs:?]
	at jdk.zipfs@21.0.9/jdk.nio.zipfs.ZipPath.readAttributes(ZipPath.java:779) ~[jdk.zipfs:?]
	at jdk.zipfs@21.0.9/jdk.nio.zipfs.ZipFileSystemProvider.readAttributes(ZipFileSystemProvider.java:285) ~[jdk.zipfs:?]
	at java.base/java.nio.file.Files.readAttributes(Files.java:1854) ~[?:?]
	at java.base/java.nio.file.FileTreeWalker.getAttributes(FileTreeWalker.java:220) ~[?:?]
	at java.base/java.nio.file.FileTreeWalker.visit(FileTreeWalker.java:277) ~[?:?]
	at java.base/java.nio.file.FileTreeWalker.walk(FileTreeWalker.java:323) ~[?:?]
	at java.base/java.nio.file.Files.walkFileTree(Files.java:2792) ~[?:?]
	at java.base/java.nio.file.Files.walkFileTree(Files.java:2870) ~[?:?]
	at net.fabricmc.loader.impl.lib.tinyremapper.OutputConsumerPath.addNonClassFiles(OutputConsumerPath.java:146) ~[fabric-loader-0.18.4.jar:?]
	at net.fabricmc.loader.impl.lib.tinyremapper.OutputConsumerPath.addNonClassFiles(OutputConsumerPath.java:127) ~[fabric-loader-0.18.4.jar:?]
	at net.fabricmc.loader.impl.lib.tinyremapper.OutputConsumerPath.addNonClassFiles(OutputConsumerPath.java:122) ~[fabric-loader-0.18.4.jar:?]
	at net.fabricmc.loader.impl.discovery.RuntimeModRemapper.remap(RuntimeModRemapper.java:170) ~[fabric-loader-0.18.4.jar:?]
	... 6 more
