[00:34:41] [Render thread/INFO] (Minecraft) Connecting to play.civmc.net, 25565
[00:34:43] [Render thread/INFO] (Minecraft) Resizing Dynamic Transforms UBO, capacity limit of 2 reached during a single frame. New capacity will be 4.
[00:34:44] [Render thread/INFO] (Minecraft) [System] [CHAT] You have engaged in combat. Type /ct to check your timer.
[00:34:44] [Render thread/INFO] (Minecraft) [System] [CHAT] You have been combat tagged on login
[00:34:44] [Render thread/INFO] (Minecraft) [System] [CHAT]               §f§a§i§r§x§a§e§r§o§x§a§e§r§o§w§m§n§e§t§h§e§r§i§s§f§a§i§r
[00:34:44] [Render thread/INFO] (Minecraft) [System] [CHAT] CreepilyCreep has joined the game
[00:34:44] [Render thread/INFO] (Minecraft) Resizing Dynamic Transforms UBO, capacity limit of 4 reached during a single frame. New capacity will be 8.
[00:34:44] [Render thread/INFO] (Minecraft) Loaded 1149 advancements
[00:34:44] [Render thread/WARN] (Minecraft) Received passengers for unknown entity
[00:34:44] [Render thread/INFO] (Minecraft) Resizing Chunk Sections UBO, capacity limit of 2 reached during a single frame. New capacity will be 4.
[00:34:44] [Render thread/INFO] (Minecraft) Resizing Dynamic Transforms UBO, capacity limit of 8 reached during a single frame. New capacity will be 16.
[00:34:44] [Render thread/INFO] (Minecraft) Resizing Chunk Sections UBO, capacity limit of 4 reached during a single frame. New capacity will be 8.
[00:34:45] [Render thread/INFO] (Minecraft) Resizing Dynamic Transforms UBO, capacity limit of 16 reached during a single frame. New capacity will be 32.
[00:34:45] [Render thread/INFO] (Minecraft) Resizing Chunk Sections UBO, capacity limit of 8 reached during a single frame. New capacity will be 16.
[00:34:45] [Render thread/INFO] (Minecraft) Resizing Chunk Sections UBO, capacity limit of 16 reached during a single frame. New capacity will be 32.
[00:34:45] [Render thread/INFO] (Minecraft) Resizing Chunk Sections UBO, capacity limit of 32 reached during a single frame. New capacity will be 64.
[00:34:45] [Render thread/INFO] (Minecraft) Resizing Chunk Sections UBO, capacity limit of 64 reached during a single frame. New capacity will be 128.
[00:34:45] [Render thread/INFO] (Minecraft) Resizing Dynamic Transforms UBO, capacity limit of 32 reached during a single frame. New capacity will be 64.
[00:34:45] [Render thread/INFO] (Minecraft) Resizing Chunk Sections UBO, capacity limit of 128 reached during a single frame. New capacity will be 256.
[00:34:46] [Render thread/INFO] (Minecraft) Resizing Chunk Sections UBO, capacity limit of 256 reached during a single frame. New capacity will be 512.
[00:34:46] [Render thread/INFO] (Minecraft) [System] [CHAT] (1/1) exchanges present.
[00:34:46] [Render thread/INFO] (Minecraft) [System] [CHAT] Input: 1 Diamond
[00:34:46] [Render thread/INFO] (Minecraft) [System] [CHAT] Output: 1 Diamond Sword
[00:34:46] [Render thread/INFO] (Minecraft) [System] [CHAT] 29 exchanges available.
[00:34:46] [Render thread/INFO] (Minecraft) [System] [CHAT] [Tradex] Find other shops selling Diamond Sword
[00:34:46] [Render thread/INFO] (Minecraft) [System] [CHAT] §r§cReinforced at §a100% (2000/2000)§c health with §bDiamond§d
[00:34:47] [Render thread/INFO] (Minecraft) Resizing Chunk Sections UBO, capacity limit of 512 reached during a single frame. New capacity will be 1024.
[00:34:53] [Render thread/WARN] (Mod Menu | FabricMod) Warning! Mod tradex has a broken icon, loading default icon
[00:34:54] [Render thread/INFO] (Minecraft) [System] [CHAT] fervescent has left the game
[00:34:54] [Render thread/INFO] (Minecraft) [System] [CHAT] SML128 has left the game
[00:34:55] [Render thread/INFO] (Minecraft) [System] [CHAT] [!] ThreeBoar: reform arent going to win a parliamentary majority
[00:34:57] [Render thread/INFO] (Minecraft) [System] [CHAT] SML128 has joined the game
[00:34:58] [Render thread/INFO] (Minecraft) [System] [CHAT] You are no longer in combat.
[00:34:59] [Render thread/INFO] (Minecraft) [System] [CHAT] (1/1) exchanges present.
[00:34:59] [Render thread/INFO] (Minecraft) [System] [CHAT] Input: 1 Diamond
[00:34:59] [Render thread/INFO] (Minecraft) [System] [CHAT] Output: 1 Diamond Sword
[00:34:59] [Render thread/INFO] (Minecraft) [System] [CHAT] 29 exchanges available.
[00:34:59] [Render thread/INFO] (Minecraft) [System] [CHAT] [Tradex] Find other shops selling Diamond Sword
[00:34:59] [Render thread/INFO] (Minecraft) [System] [CHAT] §r§cReinforced at §a100% (2000/2000)§c health with §bDiamond§d
[00:35:00] [Render thread/INFO] (Minecraft) [System] [CHAT] fervescent has joined the game
[00:35:01] [Render thread/INFO] (tradex) Neither VoxelMap nor JourneyMap are installed
[00:35:02] [Render thread/INFO] (Minecraft) [System] [CHAT] (1/1) exchanges present.
[00:35:02] [Render thread/INFO] (Minecraft) [System] [CHAT] Input: 1 Diamond
[00:35:02] [Render thread/INFO] (Minecraft) [System] [CHAT] Output: 1 Diamond Sword
[00:35:02] [Render thread/INFO] (Minecraft) [System] [CHAT] 29 exchanges available.
[00:35:02] [Render thread/INFO] (Minecraft) [System] [CHAT] [Tradex] Find other shops selling Diamond Sword
[00:35:02] [Render thread/INFO] (Minecraft) [System] [CHAT] §r§cReinforced at §a100% (2000/2000)§c health with §bDiamond§d
[00:35:04] [Render thread/INFO] (Minecraft) [System] [CHAT] [!] §e⋆⋆⋆40mm: 80% of Reform voters are 65+, if you only count voters with at least a GCSE education, Reform loses 70% of their voter base.
[00:35:04] [Render thread/INFO] (Minecraft) [System] [CHAT] (1/1) exchanges present.
[00:35:04] [Render thread/INFO] (Minecraft) [System] [CHAT] Input: 1 Diamond
[00:35:04] [Render thread/INFO] (Minecraft) [System] [CHAT] Output: 1 Diamond Sword
[00:35:04] [Render thread/INFO] (Minecraft) [System] [CHAT] 29 exchanges available.
[00:35:04] [Render thread/INFO] (Minecraft) [System] [CHAT] [Tradex] Find other shops selling Diamond Sword
[00:35:04] [Render thread/INFO] (Minecraft) [System] [CHAT] §r§cReinforced at §a100% (2000/2000)§c health with §bDiamond§d
[00:35:08] [Render thread/INFO] (Minecraft) [System] [CHAT] [!] ThreeBoar: best case they are the largest party in a hung parliament
[00:35:09] [Render thread/INFO] (Minecraft) [System] [CHAT] [!] §e⋆⋆⋆Potato_Duke: The UK been failing for decades now, before we were even born...
[00:35:19] [Render thread/INFO] (Minecraft) [System] [CHAT] [!] ThreeBoar: potatoduke shut up lmao what are u on
[00:35:21] [Render thread/INFO] (Minecraft) [System] [CHAT] [!] §e⋆SML128: saying that a party will win doesnt mean you approve of their views
[00:35:32] [Render thread/INFO] (Minecraft) [System] [CHAT] [!] ThreeBoar: the uk hasnt been "failing"
[00:35:44] [Render thread/INFO] (Minecraft) [System] [CHAT] Raeders has left the game
[00:35:46] [Render thread/INFO] (Minecraft) [System] [CHAT] [!] ThreeBoar: its been stagnant since about 2008, not decades before we were even born
[00:35:48] [Render thread/INFO] (Minecraft) [System] [CHAT] [!] starryjeongyeon: at worst case reform will be the opposition only bc reform voters are either stupid as hell or 65+ and want the youth to suffer
[00:35:54] [Render thread/INFO] (Minecraft) [System] [CHAT] [!] §e⋆⋆⋆Potato_Duke: Threeboar, from the powerful country that it was, compared to now... it's been going downhill
[00:35:58] [Render thread/INFO] (Minecraft) [System] [CHAT] [!] ThreeBoar: ?
[00:36:06] [Render thread/INFO] (Minecraft) [System] [CHAT] [!] ThreeBoar: most revisionist thing ever
[00:36:09] [Render thread/INFO] (Minecraft) [System] [CHAT] [!] §e⋆SML128: if only the imperial federation happened
[00:36:19] [Render thread/INFO] (Minecraft) [System] [CHAT] [!] §e⋆SML128: whats your opinion on an imperial federation
[00:36:22] [Render thread/INFO] (Minecraft) [System] [CHAT] [!] ThreeBoar: id rather my country be weaker if it means it doesnt cause genocide, famine etc. across the globe
[00:36:34] [Render thread/INFO] (Minecraft) [System] [CHAT] [!] §e⋆mezur: empires are cringe
[00:36:39] [Render thread/INFO] (Minecraft) [System] [CHAT] Novalis76 has left the game
[00:36:42] [Render thread/INFO] (Minecraft) [System] [CHAT] [!] §e⋆SML128: yeah they are cringe
[00:36:44] [Render thread/INFO] (Minecraft) [System] [CHAT] Rin_Shi has joined the game
[00:36:47] [Render thread/INFO] (Minecraft) [System] [CHAT] [!] ThreeBoar: also the UK has the 6th largest economy globally, we are doing fine
[00:36:55] [Render thread/INFO] (Minecraft) [System] [CHAT] [CivMC] Visit the community wiki at civwiki.org
[00:36:57] [Render thread/INFO] (Minecraft) [System] [CHAT] [!] §e⋆mezur: socialist republic cool
[00:37:04] [Render thread/INFO] (Minecraft) [System] [CHAT] [!] §e⋆⋆⋆EVDan: With the amount of money backing far right we’re fucked
[00:37:04] [Render thread/INFO] (Minecraft) [System] [CHAT] [!] §e⋆SML128: socialism is bad even in theory
[00:37:13] [Render thread/INFO] (Minecraft) [System] [CHAT] [!] misavoltage: if you really care about a nation you wouldn't want it to become an empire as eventually someone has to behead you
[00:37:19] [Render thread/INFO] (Minecraft) [System] [CHAT] [!] §e⋆⋆⋆Potato_Duke: I wish UK rejoined the EU, but under the same standards as everyone else in the EU,
[00:37:26] [Render thread/INFO] (Minecraft) [System] [CHAT] [!] §e⋆SML128: if by socialism you mean all or practically all property being held by the state or community thats a bad system
[00:37:30] [Render thread/INFO] (Minecraft) [System] [CHAT] [!] §e⋆⋆⋆40mm: If all cases of socialism are doomed to collapse, why do goverments feel the need to "Speed up the process"?
[00:37:41] [Render thread/INFO] (Minecraft) [System] [CHAT] [!] ThreeBoar: the UK had an advantaged position in the EU
[00:37:43] [Render thread/WARN] (Minecraft) Received passengers for unknown entity
[00:37:49] [Render thread/INFO] (Minecraft) [System] [CHAT] [!] ThreeBoar: we were given many privileges
[00:37:56] [Render thread/INFO] (Minecraft) [System] [CHAT] [!] misavoltage: if venezuela wrong why embargo
[00:38:02] [Render thread/INFO] (Minecraft) [System] [CHAT] [!] §e⋆⋆⋆EVDan: Yeah no Potatoduke that’s never gonna happen
[00:38:12] [Render thread/INFO] (Minecraft) [System] [CHAT] [!] §e⋆SML128: look at the per capita in venezuela
[00:38:15] [Render thread/INFO] (Minecraft) [System] [CHAT] [!] §e⋆⋆⋆Potato_Duke: Too many. You either in the EU or out. Can't expect special treatment
[00:38:18] [Render thread/INFO] (Minecraft) [System] [CHAT] Walkers has joined the game
[00:38:24] [Render thread/INFO] (Minecraft) [System] [CHAT] [!] ThreeBoar: we are going to rejoin eventually, 80%+ of youth support rejoining, we just have to wait for the others to age a little
[00:38:34] [Render thread/INFO] (Minecraft) [System] [CHAT] Eledion has joined the game
[00:38:39] [Render thread/INFO] (Minecraft) [System] [CHAT] [!] Orinnari: Here we go again: another conversation about how an economic system that's been ruthlessly targeted by America is inherently bad
[00:38:43] [Render thread/INFO] (Minecraft) [System] [CHAT] [!] misavoltage: crazy how that's a strategy for many countries rn ThreeBoar
[00:38:50] [Render thread/INFO] (Minecraft) [System] [CHAT] [!] §e⋆⋆⋆EVDan: Isn’t macron talking about two tiered EU at this point while running the second highest deficit in the EU
[00:38:51] [Render thread/INFO] (Minecraft) [System] [CHAT] Endology332 has joined the game
[00:39:01] [Render thread/INFO] (Minecraft) [System] [CHAT] [!] §e⋆mezur: SML128, the socialist system worked in Chile until the CIA intervened and staged a coup
[00:39:03] [Render thread/INFO] (Minecraft) [System] [CHAT] [!] §e⋆⋆⋆Potato_Duke: ThreeBoar except conditions gonna be harsher... Like adopting euro
[00:39:03] [Render thread/INFO] (Minecraft) [System] [CHAT] [!] ThreeBoar: if we got the same voters to vote again, brexit would fail, bc all the old brexiteers have died by now
[00:39:13] [Render thread/INFO] (Minecraft) [System] [CHAT] Luigsy has left the game
[00:39:15] [Render thread/INFO] (Minecraft) [System] [CHAT] [!] §e⋆SML128: mezur did the government own everything though
[00:39:21] [Render thread/INFO] (Minecraft) [System] [CHAT] [!] ThreeBoar: i dont care if we adopt the euro or not lmao thats not a very harsh term
[00:39:22] [Render thread/INFO] (Minecraft) [System] [CHAT] [!] §e⋆SML128: like what is your definition of socialism here
[00:39:32] [Render thread/INFO] (Minecraft) [System] [CHAT] Comrade8 has joined the game
[00:39:37] [Render thread/INFO] (Minecraft) [System] [CHAT] 40mm has left the game
[00:39:40] [Render thread/INFO] (Minecraft) [System] [CHAT] [!] ThreeBoar: also not all EU nations are in the eurozone so thats just false
[00:39:53] [Render thread/INFO] (Minecraft) [System] [CHAT] Himchi has joined the game
[00:40:00] [Render thread/INFO] (Minecraft) [System] [CHAT] [!] §e⋆⋆⋆Potato_Duke: ThreeBoar all new countries have to adopt euro lol.
[00:40:00] [Render thread/INFO] (Minecraft) [System] [CHAT] misavoltage has left the game
[00:40:02] [Render thread/INFO] (Minecraft) [System] [CHAT] [!] §e⋆⋆⋆EVDan: The U.K. would never give up the pound for one and for 2 the EU would do their best to fuck the U.K. over by trying to push the U.K. to lick their boots
[00:40:08] [Render thread/INFO] (Minecraft) [System] [CHAT] Logging out safely in 10 seconds...
[00:40:09] [Render thread/INFO] (Minecraft) [System] [CHAT] Logging out safely in 9 seconds...
[00:40:10] [Render thread/INFO] (Minecraft) [System] [CHAT] Logging out safely in 8 seconds...
[00:40:10] [Render thread/INFO] (Minecraft) [System] [CHAT] [!] ThreeBoar: we arent a new nation, we would be REjoining
[00:40:11] [Render thread/INFO] (Minecraft) [System] [CHAT] Logging out safely in 7 seconds...
[00:40:12] [Render thread/INFO] (Minecraft) [System] [CHAT] Logging out safely in 6 seconds...
[00:40:13] [Render thread/INFO] (Minecraft) [System] [CHAT] Logging out safely in 5 seconds...
[00:40:14] [Render thread/INFO] (Minecraft) [System] [CHAT] Logging out safely in 4 seconds...
[00:40:15] [Render thread/INFO] (Minecraft) [System] [CHAT] Logging out safely in 3 seconds...
[00:40:16] [Render thread/INFO] (Minecraft) [System] [CHAT] Logging out safely in 2 seconds...
[00:40:17] [Render thread/INFO] (Minecraft) [System] [CHAT] Logging out safely in 1 seconds...
[00:40:18] [Render thread/WARN] (Minecraft) Client disconnected with reason: You were kicked from main: You were logged out safely.
[00:41:39] [Render thread/INFO] (Minecraft) Connecting to play.civmc.net, 25565
[00:41:42] [Render thread/INFO] (Minecraft) [System] [CHAT] You have engaged in combat. Type /ct to check your timer.
[00:41:42] [Render thread/INFO] (Minecraft) [System] [CHAT] You have been combat tagged on login
[00:41:42] [Render thread/INFO] (Minecraft) [System] [CHAT]               §f§a§i§r§x§a§e§r§o§x§a§e§r§o§w§m§n§e§t§h§e§r§i§s§f§a§i§r
[00:41:42] [Render thread/INFO] (Minecraft) [System] [CHAT] CreepilyCreep has joined the game
[00:41:42] [Render thread/INFO] (Minecraft) Loaded 1149 advancements
[00:41:42] [Render thread/INFO] (Minecraft) [System] [CHAT] Luigsy has joined the game
[00:41:43] [Render thread/WARN] (Minecraft) Received passengers for unknown entity
[00:41:44] [Render thread/INFO] (Minecraft) [System] [CHAT] [!] §e⋆⋆⋆Potato_Duke: You don't know how the EU works, most brits don't know, that's why yall left and fell for bs propaganda
[00:41:45] [Render thread/INFO] (Minecraft) [System] [CHAT] [!] §e⋆⋆⋆Wheaties24: The EU has an incentive to make this a bad time for Britain, so at to deter other countries from thinking doing the same thing
[00:41:51] [Render thread/INFO] (Minecraft) [STDOUT]: [Tradex] Successfully created no-depth render type for see-through boxes
[00:41:56] [Render thread/INFO] (Minecraft) [System] [CHAT] MasterTyler7139 has left the game
[00:41:57] [Render thread/INFO] (Minecraft) [System] [CHAT] You are no longer in combat.
[00:42:10] [Render thread/INFO] (Minecraft) [System] [CHAT] [!] §e⋆⋆⋆Wheaties24: wow that was not a complete sentence that came out of my keyboard
[00:42:10] [Render thread/INFO] (Minecraft) [System] [CHAT] [!] §e⋆⋆⋆EVDan: Yeah except by trying their hand they are gonna build resentment
[00:42:25] [Render thread/INFO] (Minecraft) [System] [CHAT] Shadno has joined the game
[00:42:27] [Render thread/INFO] (Minecraft) [System] [CHAT] [!] ThreeBoar: the UK is the 2nd largest economy in europe they wont hold back from accepting them LOL
[00:42:34] [Render thread/INFO] (Minecraft) [System] [CHAT] Shadno joined the game
[00:42:38] [Render thread/INFO] (Minecraft) [System] [CHAT] [!] §e⋆⋆⋆Wheaties24: Resentment is why Britain left in the first place, even though it was totally imaginary
[00:42:41] [Render thread/INFO] (Minecraft) [System] [CHAT] Raeders has left the game
[00:42:44] [Render thread/INFO] (Minecraft) [System] [CHAT] Raeders has joined the game
[00:42:50] [Render thread/INFO] (Minecraft) [System] [CHAT] Raeders has left the game
[00:42:53] [Render thread/INFO] (Minecraft) [System] [CHAT] WO7F_ has joined the game
[00:43:00] [Render thread/INFO] (Minecraft) [System] [CHAT] [!] §e⋆⋆⋆EVDan: Like the defence deal where Macron despite talking about European defence wouldn’t include the uk but would japan and Canada
[00:43:03] [Render thread/INFO] (Minecraft) [System] [CHAT] [!] ThreeBoar: it wasnt imaginary it was real, alot of people had resentment, its just because people were paid to spread misinformation -> making people resent the EU
[00:43:11] [Render thread/INFO] (Minecraft) [System] [CHAT] vkvyxiii has joined the game
[00:43:12] [Render thread/INFO] (Minecraft) [System] [CHAT] misomisa has left the game
[00:43:22] [Render thread/INFO] (Minecraft) [System] [CHAT] Eledion has left the game
[00:43:26] [Render thread/INFO] (Minecraft) [System] [CHAT] Eledion has joined the game
[00:43:33] [Render thread/INFO] (Minecraft) [System] [CHAT] [!] ThreeBoar: the EU historically hasnt been for defense, its largely an economic alliance
[00:43:37] [Render thread/INFO] (Minecraft) [System] [CHAT] Eledion has left the game
[00:43:38] [Render thread/INFO] (Minecraft) [System] [CHAT] ThereWalker has left the game
[00:43:44] [Render thread/INFO] (Minecraft) [System] [CHAT] [!] §e⋆⋆⋆Wheaties24: formerly middle class mostly white britons were unhappy with their economic conditions, and Leave campaign gave them a scapegoat for those conditions that didn't lay the blame on their own voting habits
[00:43:45] [Render thread/INFO] (Minecraft) [System] [CHAT] vkvyxiii has left the game
[00:43:46] [Render thread/INFO] (Minecraft) [System] [CHAT] [!] ThreeBoar: that has really advanced because of russias actions etc
[00:43:49] [Render thread/INFO] (Minecraft) [System] [CHAT] [!] §e⋆mezur: chile was in the process of nationalizing companies, but Allende was unable to complete the reform bc of the coup by the CIA, which took place halfway through his president term
[00:43:52] [Render thread/INFO] (Minecraft) [System] [CHAT] [!] §e⋆mezur: SML128
[00:44:01] [Render thread/INFO] (Minecraft) [System] [CHAT] [!] ThreeBoar: they werent formerly middle class lol it was largely working class people
[00:44:01] [Render thread/INFO] (Minecraft) [System] [CHAT] Logging out safely in 10 seconds...
[00:44:02] [Render thread/INFO] (Minecraft) [System] [CHAT] Logging out safely in 9 seconds...
[00:44:03] [Render thread/INFO] (Minecraft) [System] [CHAT] Logging out safely in 8 seconds...
[00:44:04] [Render thread/INFO] (Minecraft) [System] [CHAT] Logging out safely in 7 seconds...
[00:44:05] [Render thread/INFO] (Minecraft) [System] [CHAT] Logging out safely in 6 seconds...
[00:44:05] [Render thread/INFO] (Minecraft) [System] [CHAT] [!] ThreeBoar: the uneducated class
[00:44:06] [Render thread/INFO] (Minecraft) [System] [CHAT] Logging out safely in 5 seconds...
[00:44:07] [Render thread/INFO] (Minecraft) [System] [CHAT] Logging out safely in 4 seconds...
[00:44:08] [Render thread/INFO] (Minecraft) [System] [CHAT] [!] §e⋆⋆⋆EVDan: Then they named a ridiculous price they pulled out of their ass to join the defence deal and fun fact the deal is set in such a way that the only fighter you can buy are French because the euro fighter is like a percent above the cutoff British made
[00:44:08] [Render thread/INFO] (Minecraft) [System] [CHAT] Logging out safely in 3 seconds...
[00:44:09] [Render thread/INFO] (Minecraft) [System] [CHAT] Logging out safely in 2 seconds...
[00:44:10] [Render thread/INFO] (Minecraft) [System] [CHAT] Logging out safely in 1 seconds...
[00:44:11] [Render thread/WARN] (Minecraft) Client disconnected with reason: You were kicked from main: You were logged out safely.
[00:47:31] [Render thread/INFO] (Minecraft) Stopping!
