[23:15:08] [main/INFO] (FabricLoader/GameProvider) Loading Minecraft 1.21.8 with Fabric Loader 0.18.4
[23:15:08] [main/WARN] (FabricLoader/Knot) Ignoring invalid library path c:\Users\user\.vscode\extensions\vscjava.vscode-java-debug-0.58.5\bundled\scripts\noConfigScriptsc:\Users\user\.vscode\extensions\ms-python.debugpy-2025.18.0-win32-x64\bundled\scripts\noConfigScripts
[23:15:08] [main/INFO] (FabricLoader) Loading 55 mods:
	- cloth-basic-math 0.6.1
	- cloth-config 19.0.147
	- devauth 1.2.2
	   |-- com_electronwill_night-config_core 3.6.5
	   |-- com_electronwill_night-config_toml 3.6.5
	   \-- me_djtheredstoner_common 1.2.2
	- fabric-api 0.136.1+1.21.8
	   |-- fabric-api-lookup-api-v1 1.6.101+946bf4c32c
	   |-- fabric-biome-api-v1 16.1.0+c21d71cc2c
	   |-- fabric-block-api-v1 1.1.3+946bf4c32c
	   |-- fabric-block-view-api-v2 1.0.31+946bf4c32c
	   |-- fabric-content-registries-v0 10.1.0+c75de69d2c
	   |-- fabric-convention-tags-v1 2.1.41+7f945d5b2c
	   |-- fabric-convention-tags-v2 2.15.6+eb5df52f2c
	   |-- fabric-crash-report-info-v1 0.3.15+946bf4c32c
	   |-- fabric-data-attachment-api-v1 1.8.14+97214db32c
	   |-- fabric-data-generation-api-v1 23.2.8+2e1c6d322c
	   |-- fabric-dimensions-v1 4.0.20+948fc79a2c
	   |-- fabric-entity-events-v1 2.1.2+c9e472732c
	   |-- fabric-events-interaction-v0 4.0.26+946bf4c32c
	   |-- fabric-game-rule-api-v1 1.0.73+c64c9c5b2c
	   |-- fabric-item-api-v1 11.5.0+02ce13f42c
	   |-- fabric-item-group-api-v1 4.2.14+c5f9bbc12c
	   |-- fabric-loot-api-v2 3.0.56+3f89f5a52c
	   |-- fabric-loot-api-v3 2.0.3+946bf4c32c
	   |-- fabric-message-api-v1 6.1.2+946bf4c32c
	   |-- fabric-model-loading-api-v1 5.2.8+946bf4c32c
	   |-- fabric-networking-api-v1 5.1.0+57cb96dd2c
	   |-- fabric-object-builder-api-v1 21.1.10+946bf4c32c
	   |-- fabric-particles-v1 4.1.10+946bf4c32c
	   |-- fabric-recipe-api-v1 8.1.17+946bf4c32c
	   |-- fabric-registry-sync-v0 6.1.30+946bf4c32c
	   |-- fabric-renderer-api-v1 7.0.5+208eed172c
	   |-- fabric-renderer-indigo 4.0.5+946bf4c32c
	   |-- fabric-rendering-fluids-v1 3.1.31+fa6cb72b2c
	   |-- fabric-resource-conditions-api-v1 5.0.25+98e6d6db2c
	   |-- fabric-resource-loader-v0 3.1.12+020423442c
	   |-- fabric-screen-api-v1 2.2.0+e0cb65d02c
	   |-- fabric-screen-handler-api-v1 1.3.139+946bf4c32c
	   |-- fabric-serialization-api-v1 1.0.0+fc0e5aba2c
	   |-- fabric-sound-api-v1 1.0.42+946bf4c32c
	   |-- fabric-tag-api-v1 1.2.2+946bf4c32c
	   \-- fabric-transfer-api-v1 6.0.6+946bf4c32c
	- fabric-api-base 0.5.0+cd8c0daa2c
	- fabric-command-api-v2 2.3.1+52fff9ec2c
	- fabric-key-binding-api-v1 1.0.65+946bf4c32c
	- fabric-lifecycle-events-v1 2.6.4+db4dfd852c
	- fabric-rendering-v1 12.6.0+486b7ff72c
	- fabric-transitive-access-wideners-v1 6.5.0+c847ce762c
	- fabricloader 0.18.4
	- java 21
	- minecraft 1.21.8
	- mixinextras 0.5.0
	- modmenu 15.0.1
	- tradex 1.0.0
[23:15:11] [main/INFO] (FabricLoader/Mixin) SpongePowered MIXIN Subsystem Version=0.8.7 Source=file:/C:/Users/user/.gradle/caches/modules-2/files-2.1/net.fabricmc/sponge-mixin/0.17.0+mixin.0.8.7/cf31463202f72d03b0ef1e1e38e8ee71b7faaab6/sponge-mixin-0.17.0+mixin.0.8.7.jar Service=Knot/Fabric Env=CLIENT
[23:15:11] [main/INFO] (FabricLoader/Mixin) Attempting to load Fernflower decompiler (Threaded mode)
[23:15:11] [main/INFO] (FabricLoader/Mixin) Fernflower could not be loaded, exported classes will not be decompiled. NoClassDefFoundError: org/jetbrains/java/decompiler/main/extern/IResultSaver
[23:15:12] [main/INFO] (FabricLoader/Mixin) Loaded Fabric development mappings for mixin remapper!
[23:15:12] [main/INFO] (FabricLoader/Mixin) Compatibility level set to JAVA_21
[23:15:12] [main/INFO] (FabricLoader/MixinExtras|Service) Initializing MixinExtras via com.llamalad7.mixinextras.service.MixinExtrasServiceImpl(version=0.5.0).
[23:15:12] [main/INFO] (DevAuth/HTTP/JDK) Using JDK client
[23:15:13] [main/INFO] (DevAuth) Successfully logged in as CreepilyCreep
[23:15:14] [Datafixer Bootstrap/INFO] (Minecraft) 269 Datafixer optimizations took 315 milliseconds
[23:15:18] [Render thread/INFO] (Minecraft) Environment: Environment[sessionHost=https://sessionserver.mojang.com, servicesHost=https://api.minecraftservices.com, name=PROD]
[23:15:18] [Render thread/INFO] (Minecraft) Setting user: CreepilyCreep
[23:15:18] [Render thread/INFO] (Mod Menu/Update Checker) Checking mod updates...
[23:15:18] [Render thread/INFO] (Indigo) [Indigo] Registering Indigo renderer!
[23:15:18] [Render thread/INFO] (Minecraft) Backend library: LWJGL version 3.3.3-snapshot
[23:15:19] [Render thread/INFO] (Minecraft) Using optional rendering extensions: GL_ARB_buffer_storage, GL_KHR_debug, GL_ARB_vertex_attrib_binding, GL_ARB_direct_state_access
[23:15:19] [Render thread/INFO] (Minecraft) Reloading ResourceManager: vanilla, fabric, cloth-config, devauth, fabric-api, fabric-api-base, fabric-api-lookup-api-v1, fabric-biome-api-v1, fabric-block-api-v1, fabric-block-view-api-v2, fabric-command-api-v2, fabric-content-registries-v0, fabric-convention-tags-v1, fabric-convention-tags-v2, fabric-crash-report-info-v1, fabric-data-attachment-api-v1, fabric-data-generation-api-v1, fabric-dimensions-v1, fabric-entity-events-v1, fabric-events-interaction-v0, fabric-game-rule-api-v1, fabric-item-api-v1, fabric-item-group-api-v1, fabric-key-binding-api-v1, fabric-lifecycle-events-v1, fabric-loot-api-v2, fabric-loot-api-v3, fabric-message-api-v1, fabric-model-loading-api-v1, fabric-networking-api-v1, fabric-object-builder-api-v1, fabric-particles-v1, fabric-recipe-api-v1, fabric-registry-sync-v0, fabric-renderer-api-v1, fabric-renderer-indigo, fabric-rendering-fluids-v1, fabric-rendering-v1, fabric-resource-conditions-api-v1, fabric-resource-loader-v0, fabric-screen-api-v1, fabric-screen-handler-api-v1, fabric-serialization-api-v1, fabric-sound-api-v1, fabric-tag-api-v1, fabric-transfer-api-v1, fabric-transitive-access-wideners-v1, fabricloader, me_djtheredstoner_common, modmenu, tradex
[23:15:19] [Worker-Main-10/INFO] (Minecraft) Found unifont_pua-16.0.03.hex, loading
[23:15:19] [Worker-Main-9/INFO] (Minecraft) Found unifont_all_no_pua-16.0.03.hex, loading
[23:15:19] [Worker-Main-1/INFO] (Minecraft) Found unifont_jp_patch-16.0.03.hex, loading
[23:15:20] [Render thread/INFO] (Minecraft) OpenAL initialized on device OpenAL Soft on Voicemeeter Input (VB-Audio Voicemeeter VAIO)
[23:15:20] [Render thread/INFO] (Minecraft) Sound engine started
[23:15:20] [Render thread/INFO] (Minecraft) Created: 1024x512x4 minecraft:textures/atlas/blocks.png-atlas
[23:15:20] [Render thread/INFO] (Minecraft) Created: 256x256x4 minecraft:textures/atlas/signs.png-atlas
[23:15:20] [Render thread/INFO] (Minecraft) Created: 512x512x4 minecraft:textures/atlas/banner_patterns.png-atlas
[23:15:20] [Render thread/INFO] (Minecraft) Created: 512x512x4 minecraft:textures/atlas/shield_patterns.png-atlas
[23:15:20] [Render thread/INFO] (Minecraft) Created: 2048x1024x4 minecraft:textures/atlas/armor_trims.png-atlas
[23:15:20] [Render thread/INFO] (Minecraft) Created: 256x256x4 minecraft:textures/atlas/chest.png-atlas
[23:15:20] [Render thread/INFO] (Minecraft) Created: 128x64x4 minecraft:textures/atlas/decorated_pot.png-atlas
[23:15:20] [Render thread/INFO] (Minecraft) Created: 512x256x4 minecraft:textures/atlas/beds.png-atlas
[23:15:20] [Render thread/INFO] (Minecraft) Created: 512x256x4 minecraft:textures/atlas/shulker_boxes.png-atlas
[23:15:20] [Render thread/INFO] (Minecraft) Created: 64x64x0 minecraft:textures/atlas/map_decorations.png-atlas
[23:15:20] [Render thread/INFO] (Minecraft) Created: 512x256x0 minecraft:textures/atlas/particles.png-atlas
[23:15:20] [Render thread/INFO] (Minecraft) Created: 512x256x0 minecraft:textures/atlas/paintings.png-atlas
[23:15:20] [Render thread/INFO] (Minecraft) Created: 1024x512x0 minecraft:textures/atlas/gui.png-atlas
[23:15:32] [Render thread/INFO] (Minecraft) Connecting to play.civmc.net, 25565
[23:15:34] [Render thread/INFO] (Minecraft) Resizing Dynamic Transforms UBO, capacity limit of 2 reached during a single frame. New capacity will be 4.
[23:15:34] [Render thread/INFO] (Minecraft) Resizing Dynamic Transforms UBO, capacity limit of 4 reached during a single frame. New capacity will be 8.
[23:15:34] [Render thread/INFO] (Minecraft) [System] [CHAT] You have engaged in combat. Type /ct to check your timer.
[23:15:34] [Render thread/INFO] (Minecraft) [System] [CHAT] You have been combat tagged on login
[23:15:34] [Render thread/INFO] (Minecraft) [System] [CHAT]               §f§a§i§r§x§a§e§r§o§x§a§e§r§o§w§m§n§e§t§h§e§r§i§s§f§a§i§r
[23:15:34] [Render thread/INFO] (Minecraft) [System] [CHAT] CreepilyCreep has joined the game
[23:15:34] [Render thread/INFO] (Minecraft) Resizing Dynamic Transforms UBO, capacity limit of 8 reached during a single frame. New capacity will be 16.
[23:15:34] [Render thread/INFO] (Minecraft) Loaded 1153 advancements
[23:15:34] [Render thread/INFO] (Minecraft) [System] [CHAT] §aReceive rewards for voting on minecraftservers.org. Click this message to open the link!
[23:15:34] [Render thread/INFO] (Minecraft) [System] [CHAT] §aReceive rewards for voting on minecraft-mp.com. Click this message to open the link!
[23:15:34] [Render thread/INFO] (Minecraft) [System] [CHAT] §aReceive rewards for voting on minecraft-server-list.com. Click this message to open the link!
[23:15:35] [Render thread/WARN] (Minecraft) Received passengers for unknown entity
[23:15:35] [Render thread/INFO] (Minecraft) [System] [CHAT] [!] §e⋆⋆⋆Byhalia: there was also a like 10 min rollback when citadel stopped working
[23:15:35] [Render thread/INFO] (Minecraft) Resizing Dynamic Transforms UBO, capacity limit of 16 reached during a single frame. New capacity will be 32.
[23:15:35] [Render thread/INFO] (Minecraft) Resizing Dynamic Transforms UBO, capacity limit of 32 reached during a single frame. New capacity will be 64.
[23:15:35] [Render thread/INFO] (Minecraft) Resizing Dynamic Transforms UBO, capacity limit of 64 reached during a single frame. New capacity will be 128.
[23:15:35] [Render thread/INFO] (Minecraft) Resizing Dynamic Transforms UBO, capacity limit of 128 reached during a single frame. New capacity will be 256.
[23:15:36] [Render thread/INFO] (Minecraft) Resizing Dynamic Transforms UBO, capacity limit of 256 reached during a single frame. New capacity will be 512.
[23:15:36] [Render thread/INFO] (Minecraft) Resizing Dynamic Transforms UBO, capacity limit of 512 reached during a single frame. New capacity will be 1024.
[23:15:38] [Render thread/INFO] (Minecraft) Resizing Dynamic Transforms UBO, capacity limit of 1024 reached during a single frame. New capacity will be 2048.
[23:15:38] [Render thread/INFO] (Minecraft) [System] [CHAT] [!] jdozierezell: gng how do i upgrade facories
[23:15:41] [Render thread/INFO] (Minecraft) [System] [CHAT] [!] §e⋆Leander2714: tyou dont say huh?
[23:15:49] [Render thread/INFO] (Minecraft) [System] [CHAT] You are no longer in combat.
[23:15:59] [Render thread/INFO] (Minecraft) [System] [CHAT] You received a reward for voting on minecraftservers.org
[23:15:59] [Render thread/INFO] (Minecraft) [System] [CHAT] Use /essence withdraw to materialise all of your essence as an item.
[23:16:02] [Render thread/INFO] (Minecraft) [System] [CHAT] [!] fawndering: i mean tbh that's why i keep my existence pretty peaceful
[23:16:04] [Render thread/INFO] (Minecraft) [System] [CHAT] You received a reward for voting on minecraft-mp.com
[23:16:04] [Render thread/INFO] (Minecraft) [System] [CHAT] Use /essence withdraw to materialise all of your essence as an item.
[23:16:08] [Render thread/INFO] (Minecraft) [System] [CHAT] You received a reward for voting on minecraft-server-list.com
[23:16:08] [Render thread/INFO] (Minecraft) [System] [CHAT] Use /essence withdraw to materialise all of your essence as an item.
[23:16:15] [Render thread/INFO] (Minecraft) [System] [CHAT] [!] §e⋆⋆⋆Byhalia: sometimes trouble finds the peaceful fawndering
[23:16:21] [Render thread/INFO] (Minecraft) [System] [CHAT] [!] §e⋆⋆⋆Byhalia: oftentimes in fact
[23:16:32] [Render thread/INFO] (Minecraft) [System] [CHAT] [!] fawndering: im just out here building, the people around me handle pvp and defense if needed
[23:16:38] [Render thread/INFO] (Minecraft) [System] [CHAT] [!] §e⋆⋆⋆Byhalia: I hope they do
[23:16:43] [Render thread/INFO] (Minecraft) [System] [CHAT] [!] fawndering: yeah i really need to kit up in some way though lmao
[23:16:57] [Render thread/INFO] (Minecraft) [System] [CHAT] [!] §e⋆⋆⋆Byhalia: people cannot survive on their own on civmc
[23:17:00] [Render thread/INFO] (Minecraft) [System] [CHAT] PrinceUndead has joined the game
[23:17:03] [Render thread/INFO] (Minecraft) [System] [CHAT] [!] NO_PERSON_: well
[23:17:05] [Render thread/INFO] (Minecraft) [System] [CHAT] [!] NO_PERSON_: they cabn
[23:17:06] [Render thread/INFO] (Minecraft) [System] [CHAT] [!] §e⋆⋆⋆Byhalia: a hardy few might, but the majority cannot
[23:17:07] [Render thread/INFO] (Minecraft) [System] [CHAT] [!] seamonkey1981: ues they can?
[23:17:21] [Render thread/INFO] (Minecraft) [System] [CHAT] [!] NO_PERSON_: i could live solo if i wanted
[23:17:21] [Render thread/INFO] (Minecraft) [System] [CHAT] [!] fawndering: trying to survive alone seems just awful lmao
[23:17:28] [Render thread/INFO] (Minecraft) [System] [CHAT] [!] §e⋆⋆⋆Byhalia: exactly
[23:17:39] [Render thread/INFO] (Minecraft) [System] [CHAT] crystalonix has joined the game
[23:17:39] [Render thread/INFO] (Minecraft) [System] [CHAT] crystalonix has left the game
[23:17:46] [Render thread/INFO] (Minecraft) [System] [CHAT] DerVogel67 has joined the game
[23:17:46] [Render thread/INFO] (Minecraft) [System] [CHAT] seamonkey1981 has left the game
[23:17:47] [Render thread/INFO] (Minecraft) [System] [CHAT] [!] fawndering: having the collective in a nation just makes every part of life on civ go way smoother
[23:18:08] [Render thread/INFO] (Minecraft) [System] [CHAT] [!] §e⋆⋆⋆Byhalia: We have a strong community
[23:18:16] [Render thread/INFO] (Minecraft) [System] [CHAT] theonenamedbeezz has joined the game
[23:18:29] [Render thread/INFO] (Minecraft) [System] [CHAT] jubendli has left the game
[23:18:35] [Render thread/INFO] (Minecraft) [System] [CHAT] [!] §e⋆ToonyLinkSR: the civ economy isn't sustainable
[23:18:50] [Render thread/INFO] (Minecraft) [System] [CHAT] [!] NO_PERSON_: xcorrect
[23:18:53] [Render thread/INFO] (Minecraft) [System] [CHAT] [!] §e⋆ToonyLinkSR: you can just literally make money out of thin air with vein mining
[23:19:04] [Render thread/INFO] (Minecraft) [System] [CHAT] Kahina has joined the game
[23:19:21] [Render thread/INFO] (Minecraft) [System] [CHAT] [!] NO_PERSON_: the way ppl do prices it wrong
[23:19:24] [Render thread/INFO] (Minecraft) [System] [CHAT] [!] §e⋆Leander2714: sell?
[23:19:38] [Render thread/INFO] (Minecraft) [System] [CHAT] [!] §e⋆⋆⋆Byhalia: no_person_ you are onto something
[23:19:47] [Render thread/INFO] (Minecraft) [System] [CHAT] [!] §e⋆⋆⋆Byhalia: there is a tendency in civ to do "race to the bottom" pricing
[23:19:58] [Render thread/INFO] (Minecraft) [System] [CHAT] [!] §e⋆⋆⋆Byhalia: to undersell the competitor, even below unit cost
[23:20:06] [Render thread/INFO] (Minecraft) [System] [CHAT] [!] NO_PERSON_: the problem is u can get 1200 dia with like 30 min?
[23:20:06] [Render thread/INFO] (Minecraft) [System] [CHAT] [!] FrosterJR5: i die far away off fall damage
[23:20:08] [Render thread/INFO] (Minecraft) [System] [CHAT] [!] FrosterJR5: so stupid
[23:20:14] [Render thread/INFO] (Minecraft) [System] [CHAT] [!] NO_PERSON_: or am i incorrect
[23:20:19] [Render thread/INFO] (Minecraft) [System] [CHAT] [!] fawndering: i mean that's how the free market works though, you're supposed to be trying to find the best deal for yourself, and supply and demand will generally at least slightly alter costs over time
[23:20:20] [Render thread/INFO] (Minecraft) [System] [CHAT] [!] §e⋆⋆⋆Byhalia: uh no it's the opposite actually
[23:20:20] [Render thread/INFO] (Minecraft) [System] [CHAT] [!] FrosterJR5: karydia experience
[23:20:23] [Render thread/INFO] (Minecraft) [System] [CHAT] HikariiDesu has left the game
[23:20:28] [Render thread/INFO] (Minecraft) [System] [CHAT] seamonkey1981 has joined the game
[23:20:28] [Render thread/INFO] (Minecraft) [System] [CHAT] [!] fawndering: in the most reductive terms possible
[23:20:33] [Render thread/INFO] (Minecraft) [System] [CHAT] [!] §e⋆⋆⋆Byhalia: you're forced to sell your valuable goods for nothing
[23:20:39] [Render thread/INFO] (Minecraft) [System] [CHAT] PrinceUndead has left the game
[23:20:41] [Render thread/INFO] (Minecraft) [System] [CHAT] [!] NO_PERSON_: so 120 dia by 30 min
[23:20:42] [Render thread/INFO] (Minecraft) [System] [CHAT] [!] §e⋆⋆⋆Byhalia: because everyone else gets into doing it
[23:20:46] [Render thread/INFO] (Minecraft) [System] [CHAT] [!] §e⋆⋆⋆Byhalia: uh more like
[23:20:56] [Render thread/INFO] (Minecraft) [System] [CHAT] [!] NO_PERSON_: so sum that took 1 min to get is 2 diaminds
[23:21:01] [Render thread/INFO] (Minecraft) [System] [CHAT] [!] §e⋆⋆⋆Byhalia: maybe 1 diamond every 30 minns
[23:21:02] [Render thread/INFO] (Minecraft) [System] [CHAT] Himchi has left the game
[23:21:03] [Render thread/INFO] (Minecraft) [System] [CHAT] [!] Jufo__: How kurwa 120 for 30 mins
[23:21:12] [Render thread/INFO] (Minecraft) [System] [CHAT] [!] §e⋆⋆⋆Byhalia: in a terminally ill civ economy it can be very harsh
[23:21:15] [Render thread/INFO] (Minecraft) [System] [CHAT] [!] NO_PERSON_: veinminging?
[23:21:24] [Render thread/INFO] (Minecraft) [System] [CHAT] [!] §e⋆⋆⋆Byhalia: ignoring vein mining
[23:21:26] [Render thread/INFO] (Minecraft) [System] [CHAT] AnneKitsune has joined the game
[23:21:29] [Render thread/INFO] (Minecraft) [System] [CHAT] [!] Jufo__: I mined for 1 h and nothing
[23:21:40] [Render thread/INFO] (Minecraft) [System] [CHAT] [!] §e⋆⋆⋆Byhalia: which tbh then everyone switches to because there is no actual reason to produce anything
[23:21:45] [Render thread/INFO] (Minecraft) [System] [CHAT] ThatShortGuy09 has left the game
[23:21:47] [Render thread/INFO] (Minecraft) [System] [CHAT] jdozierezell has left the game
[23:21:49] [Render thread/INFO] (Minecraft) [System] [CHAT] [!] §e⋆⋆⋆Byhalia: & then we wind up with an economy of consumers with no producers
[23:21:52] [Render thread/INFO] (Minecraft) [System] [CHAT] Solaid has left the game
[23:21:58] [Render thread/INFO] (Minecraft) [System] [CHAT] Glad1 has left the game
[23:22:01] [Render thread/INFO] (Minecraft) [System] [CHAT] Glad1 has joined the game
[23:22:16] [Render thread/INFO] (Minecraft) [System] [CHAT] [!] fawndering: all im hearing is to find a particular niche and produce within it
[23:22:25] [Render thread/INFO] (Minecraft) [System] [CHAT] [!] FrosterJR5: uh my stuff shouldnt be gone if no one load the chunk right
[23:22:32] [Render thread/INFO] (tradex) Neither VoxelMap nor JourneyMap are installed
[23:22:32] [Render thread/INFO] (Minecraft) [System] [CHAT] theonenamedbeezz has left the game
[23:22:34] [Render thread/INFO] (Minecraft) [System] [CHAT] [!] §e⋆⋆⋆Byhalia: I mean yes a sub moral of the story is to do your part and make something
[23:22:52] [Render thread/INFO] (Minecraft) [System] [CHAT] [!] §e⋆⋆⋆Byhalia: but the main point is to not underpay for goods and services
[23:22:56] [Render thread/INFO] (Minecraft) [System] [CHAT] [!] §e⋆⋆⋆Byhalia: be fair to others
[23:22:59] [Render thread/INFO] (Minecraft) [System] [CHAT] [CivMC] Make sure to reinforce your buildings/chests to protect them from others. Click for more info
[23:23:13] [Render thread/INFO] (Minecraft) [System] [CHAT] [!] NO_PERSON_: my problem is i make sum that took 1hour
[23:23:13] [Render thread/INFO] (Minecraft) [System] [CHAT] [!] Junerjun: I mean sure but why would you do that
[23:23:13] [Render thread/INFO] (Minecraft) [System] [CHAT] [!] Smagz24: That is stupid. Pay the lowest price and have no loyalty towards business
[23:23:15] [Render thread/INFO] (Minecraft) [System] [CHAT] [!] fawndering: which i mean, the moment i finish this main build i definitely need to take a look at what's reasonable for me to set up shops in
[23:23:26] [Render thread/INFO] (Minecraft) [System] [CHAT] [!] NO_PERSON_: and ppl wanna buy it with stuff that took them 10 min
[23:23:42] [Render thread/INFO] (Minecraft) [System] [CHAT] [!] NO_PERSON_: and if i want more diamonds
[23:23:50] [Render thread/INFO] (Minecraft) [System] [CHAT] [!] NO_PERSON_: they think thats too much
[23:23:57] [Render thread/INFO] (Minecraft) [System] [CHAT] Wasabiwhip has left the game
[23:24:06] [Render thread/INFO] (Minecraft) [System] [CHAT] [!] §e⋆⋆⋆Byhalia: Yes exactly, but you deserve more!
[23:24:15] [Render thread/INFO] (Minecraft) Stopping!
