[23:09:09] [main/INFO] (FabricLoader/GameProvider) Loading Minecraft 1.21.1 with Fabric Loader 0.18.4
[23:09:09] [main/WARN] (FabricLoader/Knot) Ignoring invalid library path c:\Users\user\.vscode\extensions\vscjava.vscode-java-debug-0.58.5\bundled\scripts\noConfigScriptsc:\Users\user\.vscode\extensions\ms-python.debugpy-2025.18.0-win32-x64\bundled\scripts\noConfigScripts
[23:09:09] [main/INFO] (FabricLoader) Loading 61 mods:
	- cloth-basic-math 0.6.1
	- cloth-config 15.0.140
	- devauth 1.2.2
	   |-- com_electronwill_night-config_core 3.6.5
	   |-- com_electronwill_night-config_toml 3.6.5
	   \-- me_djtheredstoner_common 1.2.2
	- fabric-api 0.116.8+1.21.1
	   |-- fabric-api-lookup-api-v1 1.6.71+b559734419
	   |-- fabric-biome-api-v1 13.0.31+d527f9fd19
	   |-- fabric-block-api-v1 1.1.0+0bc3503219
	   |-- fabric-block-view-api-v2 1.0.11+ebb2264e19
	   |-- fabric-blockrenderlayer-v1 1.1.52+0af3f5a719
	   |-- fabric-client-tags-api-v1 1.1.15+6573ed8c19
	   |-- fabric-command-api-v1 1.2.49+f71b366f19
	   |-- fabric-commands-v0 0.2.66+df3654b319
	   |-- fabric-content-registries-v0 8.0.19+b559734419
	   |-- fabric-convention-tags-v1 2.1.6+7f945d5b19
	   |-- fabric-convention-tags-v2 2.11.2+fa89716719
	   |-- fabric-crash-report-info-v1 0.2.29+0af3f5a719
	   |-- fabric-data-attachment-api-v1 1.4.6+5b36e0f719
	   |-- fabric-data-generation-api-v1 20.2.35+37516cd619
	   |-- fabric-dimensions-v1 4.0.1+65213ef819
	   |-- fabric-entity-events-v1 1.8.0+2b27e0a419
	   |-- fabric-events-interaction-v0 0.7.13+ba9dae0619
	   |-- fabric-game-rule-api-v1 1.0.53+6ced4dd919
	   |-- fabric-item-api-v1 11.2.0+3b3cb2e819
	   |-- fabric-item-group-api-v1 4.1.7+def88e3a19
	   |-- fabric-keybindings-v0 0.2.45+df3654b319
	   |-- fabric-loot-api-v2 3.0.15+3f89f5a519
	   |-- fabric-loot-api-v3 1.0.3+3f89f5a519
	   |-- fabric-message-api-v1 6.0.14+8aaf3aca19
	   |-- fabric-model-loading-api-v1 2.1.0+b4d813fc19
	   |-- fabric-networking-api-v1 4.3.0+c7469b2119
	   |-- fabric-object-builder-api-v1 15.2.1+40875a9319
	   |-- fabric-particles-v1 4.0.2+6573ed8c19
	   |-- fabric-recipe-api-v1 5.0.15+2475392c19
	   |-- fabric-registry-sync-v0 5.3.1+e3eddc2119
	   |-- fabric-renderer-api-v1 3.4.1+b4d813fc19
	   |-- fabric-renderer-indigo 1.7.1+c705a49c19
	   |-- fabric-renderer-registries-v1 3.2.69+df3654b319
	   |-- fabric-rendering-data-attachment-v1 0.3.49+73761d2e19
	   |-- fabric-rendering-fluids-v1 3.1.6+1daea21519
	   |-- fabric-rendering-v0 1.1.72+df3654b319
	   |-- fabric-resource-conditions-api-v1 4.3.0+8dc279b119
	   |-- fabric-resource-loader-v0 1.3.1+5b5275af19
	   |-- fabric-screen-api-v1 2.0.25+8b68f1c719
	   |-- fabric-screen-handler-api-v1 1.3.90+b559734419
	   |-- fabric-sound-api-v1 1.0.23+6573ed8c19
	   |-- fabric-transfer-api-v1 5.4.3+c24bd99419
	   \-- fabric-transitive-access-wideners-v1 6.2.0+45b9699719
	- fabric-api-base 0.4.42+6573ed8c19
	- fabric-command-api-v2 2.2.28+6ced4dd919
	- fabric-key-binding-api-v1 1.0.47+0af3f5a719
	- fabric-lifecycle-events-v1 2.5.0+01d9a51c19
	- fabric-rendering-v1 5.0.5+df16efd019
	- fabricloader 0.18.4
	- java 21
	- minecraft 1.21.1
	- mixinextras 0.5.0
	- modmenu 11.0.3
	- tradex 1.0.0
[23:09:12] [main/INFO] (FabricLoader/Mixin) SpongePowered MIXIN Subsystem Version=0.8.7 Source=file:/C:/Users/user/.gradle/caches/modules-2/files-2.1/net.fabricmc/sponge-mixin/0.17.0+mixin.0.8.7/cf31463202f72d03b0ef1e1e38e8ee71b7faaab6/sponge-mixin-0.17.0+mixin.0.8.7.jar Service=Knot/Fabric Env=CLIENT
[23:09:12] [main/INFO] (FabricLoader/Mixin) Attempting to load Fernflower decompiler (Threaded mode)
[23:09:12] [main/INFO] (FabricLoader/Mixin) Fernflower could not be loaded, exported classes will not be decompiled. NoClassDefFoundError: org/jetbrains/java/decompiler/main/extern/IResultSaver
[23:09:12] [main/INFO] (FabricLoader/Mixin) Loaded Fabric development mappings for mixin remapper!
[23:09:12] [main/INFO] (FabricLoader/Mixin) Compatibility level set to JAVA_17
[23:09:12] [main/INFO] (FabricLoader/Mixin) Compatibility level set to JAVA_21
[23:09:13] [main/INFO] (FabricLoader/MixinExtras|Service) Initializing MixinExtras via com.llamalad7.mixinextras.service.MixinExtrasServiceImpl(version=0.5.0).
[23:09:13] [main/INFO] (DevAuth/HTTP/JDK) Using JDK client
[23:09:14] [main/INFO] (DevAuth) Successfully logged in as CreepilyCreep
[23:09:15] [Datafixer Bootstrap/INFO] (Minecraft) 226 Datafixer optimizations took 303 milliseconds
[23:09:20] [Render thread/INFO] (Minecraft) Environment: Environment[sessionHost=https://sessionserver.mojang.com, servicesHost=https://api.minecraftservices.com, name=PROD]
[23:09:20] [Render thread/INFO] (Minecraft) Setting user: CreepilyCreep
[23:09:20] [Render thread/INFO] (Indigo) [Indigo] Registering Indigo renderer!
[23:09:20] [Render thread/INFO] (Mod Menu/Update Checker) Checking mod updates...
[23:09:20] [Render thread/INFO] (Minecraft) Backend library: LWJGL version 3.3.3-snapshot
[23:09:21] [Render thread/INFO] (Minecraft) Reloading ResourceManager: vanilla, fabric, cloth-config, devauth, fabric-api, fabric-api-base, fabric-api-lookup-api-v1, fabric-biome-api-v1, fabric-block-api-v1, fabric-block-view-api-v2, fabric-blockrenderlayer-v1, fabric-client-tags-api-v1, fabric-command-api-v1, fabric-command-api-v2, fabric-commands-v0, fabric-content-registries-v0, fabric-convention-tags-v1, fabric-convention-tags-v2, fabric-crash-report-info-v1, fabric-data-attachment-api-v1, fabric-data-generation-api-v1, fabric-dimensions-v1, fabric-entity-events-v1, fabric-events-interaction-v0, fabric-game-rule-api-v1, fabric-item-api-v1, fabric-item-group-api-v1, fabric-key-binding-api-v1, fabric-keybindings-v0, fabric-lifecycle-events-v1, fabric-loot-api-v2, fabric-loot-api-v3, fabric-message-api-v1, fabric-model-loading-api-v1, fabric-networking-api-v1, fabric-object-builder-api-v1, fabric-particles-v1, fabric-recipe-api-v1, fabric-registry-sync-v0, fabric-renderer-api-v1, fabric-renderer-indigo, fabric-renderer-registries-v1, fabric-rendering-data-attachment-v1, fabric-rendering-fluids-v1, fabric-rendering-v0, fabric-rendering-v1, fabric-resource-conditions-api-v1, fabric-resource-loader-v0, fabric-screen-api-v1, fabric-screen-handler-api-v1, fabric-sound-api-v1, fabric-transfer-api-v1, fabric-transitive-access-wideners-v1, fabricloader, me_djtheredstoner_common, modmenu, tradex
[23:09:21] [Worker-Main-13/INFO] (Minecraft) Found unifont_jp_patch-15.1.05.hex, loading
[23:09:21] [Worker-Main-2/INFO] (Minecraft) Found unifont_all_no_pua-15.1.05.hex, loading
[23:09:22] [Render thread/WARN] (Minecraft) Missing sound for event: minecraft:item.goat_horn.play
[23:09:22] [Render thread/WARN] (Minecraft) Missing sound for event: minecraft:entity.goat.screaming.horn_break
[23:09:22] [Render thread/INFO] (Minecraft) OpenAL initialized on device OpenAL Soft on Voicemeeter Input (VB-Audio Voicemeeter VAIO)
[23:09:22] [Render thread/INFO] (Minecraft) Sound engine started
[23:09:22] [Render thread/INFO] (Minecraft) Created: 1024x512x4 minecraft:textures/atlas/blocks.png-atlas
[23:09:22] [Render thread/INFO] (Minecraft) Created: 256x256x4 minecraft:textures/atlas/signs.png-atlas
[23:09:22] [Render thread/INFO] (Minecraft) Created: 512x512x4 minecraft:textures/atlas/banner_patterns.png-atlas
[23:09:22] [Render thread/INFO] (Minecraft) Created: 512x512x4 minecraft:textures/atlas/shield_patterns.png-atlas
[23:09:22] [Render thread/INFO] (Minecraft) Created: 1024x1024x4 minecraft:textures/atlas/armor_trims.png-atlas
[23:09:22] [Render thread/INFO] (Minecraft) Created: 256x256x4 minecraft:textures/atlas/chest.png-atlas
[23:09:22] [Render thread/INFO] (Minecraft) Created: 128x64x4 minecraft:textures/atlas/decorated_pot.png-atlas
[23:09:22] [Render thread/INFO] (Minecraft) Created: 512x256x4 minecraft:textures/atlas/shulker_boxes.png-atlas
[23:09:22] [Render thread/INFO] (Minecraft) Created: 512x256x4 minecraft:textures/atlas/beds.png-atlas
[23:09:22] [Render thread/INFO] (Minecraft) Created: 512x256x0 minecraft:textures/atlas/particles.png-atlas
[23:09:22] [Render thread/INFO] (Minecraft) Created: 512x256x0 minecraft:textures/atlas/paintings.png-atlas
[23:09:22] [Render thread/INFO] (Minecraft) Created: 256x128x0 minecraft:textures/atlas/mob_effects.png-atlas
[23:09:22] [Render thread/INFO] (Minecraft) Created: 64x64x0 minecraft:textures/atlas/map_decorations.png-atlas
[23:09:22] [Render thread/INFO] (Minecraft) Created: 1024x512x0 minecraft:textures/atlas/gui.png-atlas
[23:09:22] [Render thread/WARN] (Minecraft) Shader rendertype_entity_translucent_emissive could not find sampler named Sampler2 in the specified shader program.
[23:09:38] [Render thread/INFO] (Minecraft) Connecting to play.civmc.net, 25565
[23:09:40] [Netty Client IO #1/WARN] (Minecraft) Unknown feature flag: minecraft:winter_drop
[23:09:41] [Render thread/INFO] (Minecraft) [System] [CHAT] You have engaged in combat. Type /ct to check your timer.
[23:09:41] [Render thread/INFO] (Minecraft) [System] [CHAT] You have been combat tagged on login
[23:09:41] [Render thread/INFO] (Minecraft) [System] [CHAT]               §f§a§i§r§x§a§e§r§o§x§a§e§r§o§w§m§n§e§t§h§e§r§i§s§f§a§i§r
[23:09:41] [Render thread/INFO] (Minecraft) [System] [CHAT] CreepilyCreep has joined the game
[23:09:42] [Render thread/INFO] (Minecraft) Loaded 1153 advancements
[23:09:42] [Render thread/WARN] (Minecraft) Received passengers for unknown entity
[23:09:42] [Render thread/WARN] (Minecraft) Entity Ghast['Happy Ghast'/721114, l='ClientLevel', x=-3819.00, y=87.00, z=-4307.56] does not have attribute minecraft:generic.flying_speed
[23:09:43] [Render thread/WARN] (Minecraft) Failed to load components: Not a string missed input: {"minecraft:item_name":{translate:"block.minecraft.ominous_banner"}}
[23:09:43] [Render thread/WARN] (Minecraft) Failed to load components: Not a string missed input: {"minecraft:item_name":{translate:"block.minecraft.ominous_banner"}}
[23:09:45] [Render thread/INFO] (Minecraft) [System] [CHAT] [!] §e⋆⋆⋆Byhalia: There are many new nations and great big gaps in my understanding
[23:09:47] [Render thread/INFO] (Minecraft) [System] [CHAT] [!] Genius_Flint: Wasabi, the only way to get out is convince them to release you (bribes of debris maybe), or wait it out. If you are a small-fry, they won't want to bother paying your sentence
[23:09:56] [Render thread/INFO] (Minecraft) [System] [CHAT] You are no longer in combat.
[23:09:57] [Render thread/INFO] (tradex) Neither VoxelMap nor JourneyMap are installed
[23:10:02] [Render thread/INFO] (Minecraft) [System] [CHAT] (1/1) exchanges present.
[23:10:02] [Render thread/INFO] (Minecraft) [System] [CHAT] Input: 4 Eye of Ender "Player Essence"
[23:10:02] [Render thread/INFO] (Minecraft) [System] [CHAT] Activity reward used to fuel pearls
[23:10:02] [Render thread/INFO] (Minecraft) [System] [CHAT] Output: 1 Minecart
[23:10:02] [Render thread/INFO] (Minecraft) [System] [CHAT] 12 exchanges available.
[23:10:02] [Render thread/INFO] (Minecraft) [System] [CHAT] [Tradex] Find other shops selling Minecart
[23:10:02] [Render thread/INFO] (Minecraft) [System] [CHAT] §aReinforced at §a100% (50/50)§a health with §bStone §aon §dicenia-rail
[23:10:03] [Render thread/INFO] (Minecraft) [System] [CHAT] [!] §e⋆⋆⋆Byhalia: It will take time to thread things back together
[23:10:03] [Render thread/INFO] (Minecraft) [System] [CHAT] (1/1) exchanges present.
[23:10:03] [Render thread/INFO] (Minecraft) [System] [CHAT] Input: 4 Eye of Ender "Player Essence"
[23:10:03] [Render thread/INFO] (Minecraft) [System] [CHAT] Activity reward used to fuel pearls
[23:10:03] [Render thread/INFO] (Minecraft) [System] [CHAT] Output: 1 Minecart
[23:10:03] [Render thread/INFO] (Minecraft) [System] [CHAT] 0 exchanges available.
[23:10:03] [Render thread/INFO] (Minecraft) [System] [CHAT] [Tradex] Find other shops selling Minecart
[23:10:03] [Render thread/INFO] (Minecraft) [System] [CHAT] §aReinforced at §a100% (50/50)§a health with §bStone §aon §dicenia-rail
[23:10:04] [Render thread/INFO] (Minecraft) [System] [CHAT] (1/1) exchanges present.
[23:10:04] [Render thread/INFO] (Minecraft) [System] [CHAT] Input: 4 Eye of Ender "Player Essence"
[23:10:04] [Render thread/INFO] (Minecraft) [System] [CHAT] Activity reward used to fuel pearls
[23:10:04] [Render thread/INFO] (Minecraft) [System] [CHAT] Output: 1 Minecart
[23:10:04] [Render thread/INFO] (Minecraft) [System] [CHAT] 0 exchanges available.
[23:10:04] [Render thread/INFO] (Minecraft) [System] [CHAT] [Tradex] Find other shops selling Minecart
[23:10:04] [Render thread/INFO] (Minecraft) [System] [CHAT] §aReinforced at §a100% (50/50)§a health with §bStone §aon §dicenia-rail
[23:10:11] [Render thread/INFO] (Minecraft) [STDERR]: java.lang.NullPointerException: Cannot invoke "io.github.gjum.mc.gui.GuiElement.drawOverlays(net.minecraft.client.gui.GuiGraphics, io.github.gjum.mc.gui.Vec2, io.github.gjum.mc.gui.Vec2, float)" because "this.root" is null
[23:10:11] [Render thread/INFO] (Minecraft) [STDERR]: 	at knot//io.github.gjum.mc.gui.GuiRoot.render(GuiRoot.java:103)
[23:10:11] [Render thread/INFO] (Minecraft) [STDERR]: 	at knot//net.minecraft.client.gui.screens.Screen.renderWithTooltip(Screen.java:117)
[23:10:11] [Render thread/INFO] (Minecraft) [STDERR]: 	at knot//net.minecraft.client.renderer.GameRenderer.mixinextras$bridge$renderWithTooltip$177(GameRenderer.java)
[23:10:11] [Render thread/INFO] (Minecraft) [STDERR]: 	at knot//net.minecraft.client.renderer.GameRenderer.wrapOperation$zbd000$fabric-screen-api-v1$onRenderScreen(GameRenderer.java:1586)
[23:10:11] [Render thread/INFO] (Minecraft) [STDERR]: 	at knot//net.minecraft.client.renderer.GameRenderer.render(GameRenderer.java:913)
[23:10:11] [Render thread/INFO] (Minecraft) [STDERR]: 	at knot//net.minecraft.client.Minecraft.runTick(Minecraft.java:1285)
[23:10:11] [Render thread/INFO] (Minecraft) [STDERR]: 	at knot//net.minecraft.client.Minecraft.run(Minecraft.java:882)
[23:10:11] [Render thread/INFO] (Minecraft) [STDERR]: 	at knot//net.minecraft.client.main.Main.main(Main.java:256)
[23:10:11] [Render thread/INFO] (Minecraft) [STDERR]: 	at net.fabricmc.loader.impl.game.minecraft.MinecraftGameProvider.launch(MinecraftGameProvider.java:514)
[23:10:11] [Render thread/INFO] (Minecraft) [STDERR]: 	at net.fabricmc.loader.impl.launch.knot.Knot.launch(Knot.java:72)
[23:10:11] [Render thread/INFO] (Minecraft) [STDERR]: 	at net.fabricmc.loader.impl.launch.knot.KnotClient.main(KnotClient.java:23)
[23:10:11] [Render thread/INFO] (Minecraft) [STDERR]: 	at net.fabricmc.devlaunchinjector.Main.main(Main.java:86)
[23:10:13] [Render thread/INFO] (Minecraft) [System] [CHAT] [Icarus] Eledion: nvm
[23:10:19] [Render thread/INFO] (Minecraft) [System] [CHAT] [Icarus] Eledion: was only for snitches in the snitchmod plugin
[23:10:26] [Render thread/INFO] (Minecraft) [System] [CHAT] [Icarus] §e⋆⋆§a⋆StefanMakker: Ah
[23:10:26] [Render thread/INFO] (Minecraft) [System] [CHAT] (1/1) exchanges present.
[23:10:26] [Render thread/INFO] (Minecraft) [System] [CHAT] Input: 4 Eye of Ender "Player Essence"
[23:10:26] [Render thread/INFO] (Minecraft) [System] [CHAT] Activity reward used to fuel pearls
[23:10:26] [Render thread/INFO] (Minecraft) [System] [CHAT] Output: 1 Minecart
[23:10:26] [Render thread/INFO] (Minecraft) [System] [CHAT] 0 exchanges available.
[23:10:26] [Render thread/INFO] (Minecraft) [System] [CHAT] [Tradex] Find other shops selling Minecart
[23:10:26] [Render thread/INFO] (Minecraft) [System] [CHAT] §aReinforced at §a100% (50/50)§a health with §bStone §aon §dicenia-rail
[23:10:27] [Render thread/INFO] (Minecraft) [System] [CHAT] (1/1) exchanges present.
[23:10:27] [Render thread/INFO] (Minecraft) [System] [CHAT] Input: 4 Eye of Ender "Player Essence"
[23:10:27] [Render thread/INFO] (Minecraft) [System] [CHAT] Activity reward used to fuel pearls
[23:10:27] [Render thread/INFO] (Minecraft) [System] [CHAT] Output: 1 Minecart
[23:10:27] [Render thread/INFO] (Minecraft) [System] [CHAT] 0 exchanges available.
[23:10:27] [Render thread/INFO] (Minecraft) [System] [CHAT] [Tradex] Find other shops selling Minecart
[23:10:27] [Render thread/INFO] (Minecraft) [System] [CHAT] §aReinforced at §a100% (50/50)§a health with §bStone §aon §dicenia-rail
[23:10:27] [Render thread/INFO] (Minecraft) [System] [CHAT] §aReinforced at §a100% (50/50)§a health with §bStone §aon §dicenia-rail
[23:10:39] [Render thread/INFO] (Minecraft) Stopping!
